<?xml version="1.0" encoding="UTF-8"?>
<!-- Generated by org.testng.reporters.JUnitXMLReporter -->
<testsuite ignored="0" hostname="MFHO-27028367" failures="0" tests="3" name="Default test" time="30.008" errors="0" timestamp="2023-10-05T22:26:10 IST">
  <testcase classname="com.extent.testcase.LoginTest" name="m1" time="0.389"/>
  <testcase classname="com.extent.testcase.LoginTest" name="m2" time="0.288"/>
  <testcase classname="com.extent.testcase.LoginTest" name="m3" time="0.237"/>
</testsuite> <!-- Default test -->
