<?xml version="1.0" encoding="UTF-8"?>
<testng-results ignored="0" total="3" passed="3" failed="0" skipped="0">
  <reporter-output>
  </reporter-output>
  <suite started-at="2023-10-05T22:25:40 IST" name="Default suite" finished-at="2023-10-05T22:26:10 IST" duration-ms="30008">
    <groups>
    </groups>
    <test started-at="2023-10-05T22:25:40 IST" name="Default test" finished-at="2023-10-05T22:26:10 IST" duration-ms="30008">
      <class name="com.extent.testcase.LoginTest">
        <test-method is-config="true" signature="Satrt()[pri:0, instance:com.extent.testcase.LoginTest@456d6c1e]" started-at="2023-10-05T22:25:40 IST" name="Satrt" finished-at="2023-10-05T22:26:08 IST" duration-ms="28581" status="PASS">
          <reporter-output>
          </reporter-output>
        </test-method> <!-- Satrt -->
        <test-method signature="m1()[pri:1, instance:com.extent.testcase.LoginTest@456d6c1e]" started-at="2023-10-05T22:26:08 IST" name="m1" finished-at="2023-10-05T22:26:09 IST" duration-ms="389" status="PASS">
          <reporter-output>
          </reporter-output>
        </test-method> <!-- m1 -->
        <test-method signature="m2()[pri:2, instance:com.extent.testcase.LoginTest@456d6c1e]" started-at="2023-10-05T22:26:09 IST" name="m2" finished-at="2023-10-05T22:26:09 IST" duration-ms="288" status="PASS">
          <reporter-output>
          </reporter-output>
        </test-method> <!-- m2 -->
        <test-method signature="m3()[pri:3, instance:com.extent.testcase.LoginTest@456d6c1e]" started-at="2023-10-05T22:26:09 IST" name="m3" finished-at="2023-10-05T22:26:09 IST" duration-ms="237" status="PASS">
          <reporter-output>
          </reporter-output>
        </test-method> <!-- m3 -->
        <test-method is-config="true" signature="TeadrDown()[pri:0, instance:com.extent.testcase.LoginTest@456d6c1e]" started-at="2023-10-05T22:26:09 IST" name="TeadrDown" finished-at="2023-10-05T22:26:10 IST" duration-ms="451" status="PASS">
          <reporter-output>
          </reporter-output>
        </test-method> <!-- TeadrDown -->
      </class> <!-- com.extent.testcase.LoginTest -->
    </test> <!-- Default test -->
  </suite> <!-- Default suite -->
</testng-results>
